<?xml version="1.0" encoding="UTF-8"?>
<!-- Generated by org.testng.reporters.JUnitReportReporter -->
<testsuite hostname="DESKTOP-KFTFO04" failures="0" tests="1" name="TestCases.SignUpTestCase" time="24.632" errors="0" timestamp="2022-12-09T18:48:44 IST" skipped="0">
  <testcase classname="TestCases.SignUpTestCase" name="verifySignup" time="24.632"/>
  <system-out/>
</testsuite> <!-- TestCases.SignUpTestCase -->
